<?xml version="1.0" encoding="UTF-8"?>
<!-- Generated by org.testng.reporters.JUnitXMLReporter -->
<testsuite ignored="6" hostname="LAPTOP-T51A3O5O" failures="0" tests="3" name="Test(failed)" time="0.091" errors="0" timestamp="2022-10-29T21:50:29 IST">
  <testcase classname="RerunFailed.Class2" name="C" time="0.014"/>
  <testcase classname="RerunFailed.Class2" name="J" time="0.001"/>
  <testcase classname="RerunFailed.Class1" name="A" time="0.002"/>
  <testcase classname="RerunFailed.Class2" name="I" time="0.0">
    <ignored/>
  </testcase> <!-- I -->
  <testcase classname="RerunFailed.Class1" name="SA" time="0.0">
    <ignored/>
  </testcase> <!-- SA -->
  <testcase classname="RerunFailed.Class2" name="In" time="0.0">
    <ignored/>
  </testcase> <!-- In -->
  <testcase classname="RerunFailed.Class1" name="Ch" time="0.0">
    <ignored/>
  </testcase> <!-- Ch -->
  <testcase classname="RerunFailed.Class1" name="Z" time="0.0">
    <ignored/>
  </testcase> <!-- Z -->
  <testcase classname="RerunFailed.Class1" name="P" time="0.0">
    <ignored/>
  </testcase> <!-- P -->
</testsuite> <!-- Test(failed) -->
