<?xml version="1.0" encoding="UTF-8"?>
<!-- Generated by org.testng.reporters.JUnitXMLReporter -->
<testsuite ignored="0" hostname="LAPTOP-T51A3O5O" failures="0" tests="5" name="Test" time="0.066" errors="0" timestamp="2022-10-29T22:02:39 IST">
  <testcase classname="RequiredMethods.Class1" name="A" time="0.013"/>
  <testcase classname="RequiredMethods.Class1" name="Ch" time="0.001"/>
  <testcase classname="RequiredMethods.Class1" name="P" time="0.002"/>
  <testcase classname="RequiredMethods.Class1" name="SA" time="0.001"/>
  <testcase classname="RequiredMethods.Class1" name="Z" time="0.001"/>
</testsuite> <!-- Test -->
