<?xml version="1.0" encoding="UTF-8"?>
<testng-results ignored="0" total="1" passed="1" failed="0" skipped="0">
  <reporter-output>
  </reporter-output>
  <suite started-at="2022-11-07T21:45:39 IST" name="Default suite" finished-at="2022-11-07T21:45:45 IST" duration-ms="5832">
    <groups>
    </groups>
    <test started-at="2022-11-07T21:45:39 IST" name="Default test" finished-at="2022-11-07T21:45:45 IST" duration-ms="5832">
      <class name="Exceptions1.Exceptionhandling2">
        <test-method signature="ehandling()[pri:0, instance:Exceptions1.Exceptionhandling2@188715b5]" started-at="2022-11-07T21:45:39 IST" name="ehandling" finished-at="2022-11-07T21:45:45 IST" duration-ms="5749" status="PASS">
          <reporter-output>
          </reporter-output>
        </test-method> <!-- ehandling -->
      </class> <!-- Exceptions1.Exceptionhandling2 -->
    </test> <!-- Default test -->
  </suite> <!-- Default suite -->
</testng-results>
